Jun 08, 2022 at 21:32:54 CDT

2022-06-08T21:32:54.034
Request URI: /login-service/
Request method: GET
Request query string: null
Jun 08, 2022 at 21:32:54 CDT

2022-06-08T21:32:54.484
Request URI: /login-service/resources/floating-labels.css
Request method: GET
Request query string: null
Jun 08, 2022 at 21:32:54 CDT

2022-06-08T21:32:54.884
Request URI: /login-service/images/Endpoint.png
Request method: GET
Request query string: null
Jun 08, 2022 at 21:32:58 CDT

2022-06-08T21:32:58.994
Request URI: /login-service/
Request method: GET
Request query string: null
Jun 08, 2022 at 21:33:04 CDT

2022-06-08T21:33:04.800
Request URI: /login-service/login
Request method: GET
Request query string: null
Jun 08, 2022 at 21:33:49 CDT

2022-06-08T21:33:49.292
Request URI: /login-service/userauth
Request method: GET
Request query string: username=Jsparks109%40revature.net
Jun 08, 2022 at 21:33:56 CDT

2022-06-08T21:33:56.009
Request URI: /login-service/userauth
Request method: GET
Request query string: username=Jsparks109%40revature.netr
Jun 08, 2022 at 21:34:11 CDT

2022-06-08T21:34:11.898
Request URI: /login-service/userauth
Request method: GET
Request query string: username=a%40revature.net
Jun 08, 2022 at 21:38:14 CDT

2022-06-08T21:38:14.878
Request URI: /login-service/userauth
Request method: GET
Request query string: id=999
Jun 08, 2022 at 21:38:20 CDT

2022-06-08T21:38:20.159
Request URI: /login-service/userauth
Request method: GET
Request query string: username=a%40revature.net
Jun 08, 2022 at 21:43:09 CDT

2022-06-08T21:43:09.489
Request URI: /login-service/userauth
Request method: GET
Request query string: username=a%40revature.net
Jun 08, 2022 at 21:43:30 CDT

2022-06-08T21:43:30.844
Request URI: /login-service/userauth
Request method: GET
Request query string: id=999
Jun 08, 2022 at 21:43:35 CDT

2022-06-08T21:43:35.287
Request URI: /login-service/userauth
Request method: GET
Request query string: username=a%40revature.net
Jun 08, 2022 at 21:43:50 CDT

2022-06-08T21:43:50.412
Request URI: /login-service/userauth
Request method: GET
Request query string: 
Jun 08, 2022 at 21:43:54 CDT

2022-06-08T21:43:54.558
Request URI: /login-service/login
Request method: GET
Request query string: null
Jun 08, 2022 at 22:12:05 CDT

2022-06-08T22:12:05.391
Request URI: /login-service/userauth
Request method: POST
Request query string: null
Jun 08, 2022 at 22:12:19 CDT

2022-06-08T22:12:19.449
Request URI: /login-service/userauth
Request method: POST
Request query string: null
Jun 08, 2022 at 22:12:24 CDT

2022-06-08T22:12:24.577
Request URI: /login-service/userauth
Request method: POST
Request query string: null
Jun 08, 2022 at 22:18:04 CDT

2022-06-08T22:18:04.218
Request URI: /login-service/userauth
Request method: POST
Request query string: null
Jun 08, 2022 at 22:18:13 CDT

2022-06-08T22:18:13.756
Request URI: /login-service/userauth/k
Request method: POST
Request query string: null
Jun 08, 2022 at 22:19:17 CDT

2022-06-08T22:19:17.618
Request URI: /login-service/userauth/k
Request method: POST
Request query string: null
Jun 08, 2022 at 22:19:27 CDT

2022-06-08T22:19:27.661
Request URI: /login-service/userauth/
Request method: POST
Request query string: null
Jun 08, 2022 at 22:19:34 CDT

2022-06-08T22:19:34.179
Request URI: /login-service/userauth/login
Request method: POST
Request query string: null
Jun 08, 2022 at 22:19:42 CDT

2022-06-08T22:19:42.704
Request URI: /login-service/userauth/register
Request method: POST
Request query string: null
Jun 08, 2022 at 23:04:14 CDT

2022-06-08T23:04:14.911
Request URI: /login-service/userauth/login
Request method: OPTIONS
Request query string: null
Jun 08, 2022 at 23:04:16 CDT

2022-06-08T23:04:16.742
Request URI: /login-service/userauth/login
Request method: OPTIONS
Request query string: null
Jun 08, 2022 at 23:04:18 CDT

2022-06-08T23:04:18.142
Request URI: /login-service/userauth/login
Request method: OPTIONS
Request query string: null
Jun 08, 2022 at 23:04:18 CDT

2022-06-08T23:04:18.310
Request URI: /login-service/userauth/login
Request method: OPTIONS
Request query string: null
Jun 08, 2022 at 23:04:20 CDT

2022-06-08T23:04:20.875
Request URI: /login-service/userauth/login
Request method: OPTIONS
Request query string: null
Jun 08, 2022 at 23:04:21 CDT

2022-06-08T23:04:21.653
Request URI: /login-service/userauth/login
Request method: OPTIONS
Request query string: null
Jun 08, 2022 at 23:18:30 CDT

2022-06-08T23:18:30.109
Request URI: /login-service/userauth/login
Request method: OPTIONS
Request query string: null
Jun 08, 2022 at 23:18:30 CDT

2022-06-08T23:18:30.133
Request URI: /login-service/userauth/login
Request method: POST
Request query string: null
Jun 08, 2022 at 23:33:37 CDT

2022-06-08T23:33:37.136
Request URI: /login-service/userauth/login
Request method: OPTIONS
Request query string: null
Jun 08, 2022 at 23:33:37 CDT

2022-06-08T23:33:37.148
Request URI: /login-service/userauth/login
Request method: POST
Request query string: null
Jun 08, 2022 at 23:33:49 CDT

2022-06-08T23:33:49.241
Request URI: /login-service/userauth/login
Request method: OPTIONS
Request query string: null
Jun 08, 2022 at 23:33:49 CDT

2022-06-08T23:33:49.254
Request URI: /login-service/userauth/login
Request method: POST
Request query string: null
Jun 08, 2022 at 23:34:09 CDT

2022-06-08T23:34:09.481
Request URI: /login-service/userauth/login
Request method: OPTIONS
Request query string: null
Jun 08, 2022 at 23:34:09 CDT

2022-06-08T23:34:09.490
Request URI: /login-service/userauth/login
Request method: POST
Request query string: null
Jun 08, 2022 at 23:34:32 CDT

2022-06-08T23:34:32.387
Request URI: /login-service/userauth/login
Request method: OPTIONS
Request query string: null
Jun 08, 2022 at 23:34:32 CDT

2022-06-08T23:34:32.450
Request URI: /login-service/userauth/login
Request method: POST
Request query string: null
Jun 08, 2022 at 23:37:49 CDT

2022-06-08T23:37:49.876
Request URI: /login-service/userauth/login
Request method: OPTIONS
Request query string: null
Jun 08, 2022 at 23:37:49 CDT

2022-06-08T23:37:49.883
Request URI: /login-service/userauth/login
Request method: POST
Request query string: null
Jun 08, 2022 at 23:37:56 CDT

2022-06-08T23:37:56.655
Request URI: /login-service/userauth/login
Request method: OPTIONS
Request query string: null
Jun 08, 2022 at 23:37:56 CDT

2022-06-08T23:37:56.661
Request URI: /login-service/userauth/login
Request method: POST
Request query string: null
Jun 08, 2022 at 23:37:59 CDT

2022-06-08T23:37:59.136
Request URI: /login-service/userauth/login
Request method: OPTIONS
Request query string: null
Jun 08, 2022 at 23:37:59 CDT

2022-06-08T23:37:59.141
Request URI: /login-service/userauth/login
Request method: POST
Request query string: null
Jun 08, 2022 at 23:38:05 CDT

2022-06-08T23:38:05.615
Request URI: /login-service/userauth/login
Request method: OPTIONS
Request query string: null
Jun 08, 2022 at 23:38:05 CDT

2022-06-08T23:38:05.620
Request URI: /login-service/userauth/login
Request method: POST
Request query string: null
Jun 08, 2022 at 23:38:08 CDT

2022-06-08T23:38:08.611
Request URI: /login-service/userauth/login
Request method: OPTIONS
Request query string: null
Jun 08, 2022 at 23:38:08 CDT

2022-06-08T23:38:08.625
Request URI: /login-service/userauth/login
Request method: POST
Request query string: null
Jun 08, 2022 at 23:41:06 CDT

2022-06-08T23:41:06.274
Request URI: /login-service/userauth/login
Request method: OPTIONS
Request query string: null
Jun 08, 2022 at 23:41:06 CDT

2022-06-08T23:41:06.282
Request URI: /login-service/userauth/login
Request method: POST
Request query string: null
Jun 08, 2022 at 23:41:34 CDT

2022-06-08T23:41:34.916
Request URI: /login-service/userauth/login
Request method: OPTIONS
Request query string: null
Jun 08, 2022 at 23:41:34 CDT

2022-06-08T23:41:34.978
Request URI: /login-service/userauth/login
Request method: POST
Request query string: null
Jun 08, 2022 at 23:41:48 CDT

2022-06-08T23:41:48.714
Request URI: /login-service/userauth/login
Request method: OPTIONS
Request query string: null
Jun 08, 2022 at 23:41:48 CDT

2022-06-08T23:41:48.721
Request URI: /login-service/userauth/login
Request method: POST
Request query string: null
Jun 08, 2022 at 23:41:54 CDT

2022-06-08T23:41:54.486
Request URI: /login-service/userauth/login
Request method: OPTIONS
Request query string: null
Jun 08, 2022 at 23:41:54 CDT

2022-06-08T23:41:54.493
Request URI: /login-service/userauth/login
Request method: POST
Request query string: null
Jun 08, 2022 at 23:47:03 CDT

2022-06-08T23:47:03.240
Request URI: /login-service/userauth/login
Request method: OPTIONS
Request query string: null
Jun 08, 2022 at 23:47:03 CDT

2022-06-08T23:47:03.255
Request URI: /login-service/userauth/login
Request method: POST
Request query string: null
Jun 08, 2022 at 23:47:13 CDT

2022-06-08T23:47:13.145
Request URI: /login-service/userauth/login
Request method: OPTIONS
Request query string: null
Jun 08, 2022 at 23:47:13 CDT

2022-06-08T23:47:13.162
Request URI: /login-service/userauth/login
Request method: POST
Request query string: null
Jun 08, 2022 at 23:47:39 CDT

2022-06-08T23:47:39.112
Request URI: /login-service/userauth/login
Request method: OPTIONS
Request query string: null
Jun 08, 2022 at 23:47:39 CDT

2022-06-08T23:47:39.120
Request URI: /login-service/userauth/login
Request method: POST
Request query string: null
Jun 08, 2022 at 23:47:42 CDT

2022-06-08T23:47:42.384
Request URI: /login-service/userauth/login
Request method: OPTIONS
Request query string: null
Jun 08, 2022 at 23:47:42 CDT

2022-06-08T23:47:42.389
Request URI: /login-service/userauth/login
Request method: POST
Request query string: null
Jun 08, 2022 at 23:47:46 CDT

2022-06-08T23:47:46.688
Request URI: /login-service/userauth/login
Request method: OPTIONS
Request query string: null
Jun 08, 2022 at 23:47:46 CDT

2022-06-08T23:47:46.698
Request URI: /login-service/userauth/login
Request method: POST
Request query string: null
Jun 08, 2022 at 23:47:55 CDT

2022-06-08T23:47:55.176
Request URI: /login-service/userauth/login
Request method: OPTIONS
Request query string: null
Jun 08, 2022 at 23:47:55 CDT

2022-06-08T23:47:55.182
Request URI: /login-service/userauth/login
Request method: POST
Request query string: null
Jun 08, 2022 at 23:48:01 CDT

2022-06-08T23:48:01.497
Request URI: /login-service/userauth/login
Request method: OPTIONS
Request query string: null
Jun 08, 2022 at 23:48:01 CDT

2022-06-08T23:48:01.508
Request URI: /login-service/userauth/login
Request method: POST
Request query string: null
Jun 08, 2022 at 23:48:03 CDT

2022-06-08T23:48:03.292
Request URI: /login-service/userauth/login
Request method: OPTIONS
Request query string: null
Jun 08, 2022 at 23:48:03 CDT

2022-06-08T23:48:03.301
Request URI: /login-service/userauth/login
Request method: POST
Request query string: null
Jun 08, 2022 at 23:55:12 CDT

2022-06-08T23:55:12.063
Request URI: /login-service/userauth/login
Request method: OPTIONS
Request query string: null
Jun 08, 2022 at 23:55:12 CDT

2022-06-08T23:55:12.073
Request URI: /login-service/userauth/login
Request method: POST
Request query string: null
Jun 08, 2022 at 23:55:18 CDT

2022-06-08T23:55:18.609
Request URI: /login-service/userauth/login
Request method: OPTIONS
Request query string: null
Jun 08, 2022 at 23:55:18 CDT

2022-06-08T23:55:18.622
Request URI: /login-service/userauth/login
Request method: POST
Request query string: null
Jun 08, 2022 at 23:55:22 CDT

2022-06-08T23:55:22.191
Request URI: /login-service/userauth/login
Request method: OPTIONS
Request query string: null
Jun 08, 2022 at 23:55:22 CDT

2022-06-08T23:55:22.200
Request URI: /login-service/userauth/login
Request method: POST
Request query string: null
Jun 08, 2022 at 23:55:25 CDT

2022-06-08T23:55:25.606
Request URI: /login-service/userauth/login
Request method: OPTIONS
Request query string: null
Jun 08, 2022 at 23:55:25 CDT

2022-06-08T23:55:25.618
Request URI: /login-service/userauth/login
Request method: POST
Request query string: null
Jun 08, 2022 at 23:55:37 CDT

2022-06-08T23:55:37.928
Request URI: /login-service/userauth/login
Request method: OPTIONS
Request query string: null
Jun 08, 2022 at 23:55:37 CDT

2022-06-08T23:55:37.941
Request URI: /login-service/userauth/login
Request method: POST
Request query string: null
Jun 08, 2022 at 23:56:59 CDT

2022-06-08T23:56:59.322
Request URI: /login-service/
Request method: GET
Request query string: null
Jun 08, 2022 at 23:57:01 CDT

2022-06-08T23:57:01.710
Request URI: /login-service/login
Request method: GET
Request query string: null
Jun 08, 2022 at 23:57:01 CDT

2022-06-08T23:57:01.835
Request URI: /login-service/resources/dom-demos.js
Request method: GET
Request query string: null
Jun 08, 2022 at 23:57:40 CDT

2022-06-08T23:57:40.734
Request URI: /login-service/userauth/login
Request method: POST
Request query string: null
Jun 08, 2022 at 23:57:44 CDT

2022-06-08T23:57:44.365
Request URI: /login-service/userauth/login
Request method: POST
Request query string: null
Jun 08, 2022 at 23:57:46 CDT

2022-06-08T23:57:46.568
Request URI: /login-service/userauth/login
Request method: POST
Request query string: null
Jun 08, 2022 at 23:57:51 CDT

2022-06-08T23:57:51.373
Request URI: /login-service/userauth/login
Request method: POST
Request query string: null
Jun 08, 2022 at 23:57:57 CDT

2022-06-08T23:57:57.103
Request URI: /login-service/userauth/login
Request method: POST
Request query string: null
Jun 08, 2022 at 23:58:00 CDT

2022-06-08T23:58:00.361
Request URI: /login-service/userauth/login
Request method: POST
Request query string: null
Jun 09, 2022 at 07:12:46 CDT

2022-06-09T07:12:46.955
Request URI: /login-service/
Request method: GET
Request query string: null
Jun 09, 2022 at 07:12:47 CDT

2022-06-09T07:12:47.168
Request URI: /login-service/resources/floating-labels.css
Request method: GET
Request query string: null
Jun 09, 2022 at 07:12:47 CDT

2022-06-09T07:12:47.196
Request URI: /login-service/images/Endpoint.png
Request method: GET
Request query string: null
Jun 09, 2022 at 07:13:03 CDT

2022-06-09T07:13:03.118
Request URI: /login-service/users
Request method: GET
Request query string: id=1
Jun 09, 2022 at 07:13:20 CDT

2022-06-09T07:13:20.628
Request URI: /login-service/users
Request method: GET
Request query string: username=Jsparks109%40revature.net
Jun 09, 2022 at 07:13:26 CDT

2022-06-09T07:13:26.208
Request URI: /login-service/login
Request method: GET
Request query string: null
Jun 09, 2022 at 07:13:26 CDT

2022-06-09T07:13:26.317
Request URI: /login-service/resources/dom-demos.js
Request method: GET
Request query string: null
Jun 09, 2022 at 07:13:38 CDT

2022-06-09T07:13:38.904
Request URI: /login-service/userauth/login
Request method: POST
Request query string: null
Jun 09, 2022 at 07:13:42 CDT

2022-06-09T07:13:42.952
Request URI: /login-service/userauth/login
Request method: POST
Request query string: null
Jun 09, 2022 at 07:13:43 CDT

2022-06-09T07:13:43.299
Request URI: /login-service/userauth/login
Request method: POST
Request query string: null
Jun 09, 2022 at 07:13:44 CDT

2022-06-09T07:13:44.664
Request URI: /login-service/userauth/login
Request method: POST
Request query string: null
Jun 09, 2022 at 07:13:54 CDT

2022-06-09T07:13:54.316
Request URI: /login-service/userauth/login
Request method: POST
Request query string: null
Jun 09, 2022 at 07:14:01 CDT

2022-06-09T07:14:01.755
Request URI: /login-service/userauth/login
Request method: POST
Request query string: null
Jun 09, 2022 at 07:17:23 CDT

2022-06-09T07:17:23.487
Request URI: /login-service/userauth/login
Request method: POST
Request query string: null
Jun 09, 2022 at 07:22:39 CDT

2022-06-09T07:22:39.893
Request URI: /login-service/userauth/login
Request method: POST
Request query string: null
Jun 09, 2022 at 07:22:44 CDT

2022-06-09T07:22:44.038
Request URI: /login-service/
Request method: GET
Request query string: null
Jun 09, 2022 at 07:22:48 CDT

2022-06-09T07:22:48.708
Request URI: /login-service/users
Request method: GET
Request query string: id=1
Jun 09, 2022 at 07:23:13 CDT

2022-06-09T07:23:13.096
Request URI: /login-service/users
Request method: GET
Request query string: username=Jsparks109%40revature.net
Jun 09, 2022 at 07:23:16 CDT

2022-06-09T07:23:16.272
Request URI: /login-service/users
Request method: GET
Request query string: 
